[2022-12-27T00:03:46.586] [INFO] default - Request [POST] /signin
[2022-12-27T00:03:46.748] [INFO] default - Request [GET] /users/me
[2022-12-27T00:03:46.786] [INFO] default - Request [GET] /users/me
[2022-12-27T00:03:46.815] [INFO] default - Request [GET] /users/me
[2022-12-27T00:03:46.849] [INFO] default - Request [GET] /users/me
[2022-12-27T00:03:46.862] [INFO] default - Request [GET] /answers
[2022-12-27T00:03:46.912] [INFO] default - Request [GET] /answers
[2022-12-27T00:03:46.985] [INFO] default - Request [GET] /answers?page=1
[2022-12-27T00:04:08.491] [INFO] default - Request [GET] /users?limit=3&page=1
[2022-12-27T00:04:08.507] [ERROR] default - UnauthorizedError [401] Bad token type - Error
    at new HttpError (C:\Work\Repos\ask-me-anything\node_modules\src\http-error\HttpError.ts:16:18)
    at new UnauthorizedError (C:\Work\Repos\ask-me-anything\node_modules\src\http-error\UnauthorizedError.ts:10:5)
    at ExpressDriver.authorizationChecker (C:\Work\Repos\ask-me-anything\backend\src\checkers\authorization.ts:14:11)
    at C:\Work\Repos\ask-me-anything\node_modules\src\driver\express\ExpressDriver.ts:116:36
    at Layer.handle [as handle_request] (C:\Work\Repos\ask-me-anything\node_modules\express\lib\router\layer.js:95:5)
    at next (C:\Work\Repos\ask-me-anything\node_modules\express\lib\router\route.js:144:13)
    at routeGuard (C:\Work\Repos\ask-me-anything\node_modules\src\driver\express\ExpressDriver.ts:179:16)
    at Layer.handle [as handle_request] (C:\Work\Repos\ask-me-anything\node_modules\express\lib\router\layer.js:95:5)
    at next (C:\Work\Repos\ask-me-anything\node_modules\express\lib\router\route.js:144:13)
    at Route.dispatch (C:\Work\Repos\ask-me-anything\node_modules\express\lib\router\route.js:114:3)
[2022-12-27T00:04:26.749] [INFO] default - Request [POST] /signin
[2022-12-27T00:04:35.231] [INFO] default - Request [GET] /users?limit=3&page=1
[2022-12-27T00:04:35.234] [INFO] default - UserController:getUsers
[2022-12-27T00:07:45.762] [INFO] default - Success connection with DB
[2022-12-27T00:07:50.139] [INFO] default - Success connection with DB
[2022-12-27T00:07:52.457] [INFO] default - Running on port 5000
[2022-12-27T00:07:54.774] [INFO] default - Request [GET] /users?limit=3&page=1
[2022-12-27T00:07:54.778] [INFO] default - UserController:getUsers
[2022-12-27T00:08:13.032] [INFO] default - Success connection with DB
[2022-12-27T00:08:15.014] [INFO] default - Running on port 5000
[2022-12-27T00:08:15.090] [INFO] default - Request [GET] /users?limit=3&page=1
[2022-12-27T00:08:15.093] [INFO] default - UserController:getUsers
[2022-12-27T00:08:32.154] [INFO] default - Success connection with DB
[2022-12-27T00:08:34.326] [INFO] default - Running on port 5000
[2022-12-27T00:08:36.516] [INFO] default - Request [GET] /users?limit=3&page=1
[2022-12-27T00:08:36.519] [INFO] default - UserController:getUsers
[2022-12-27T00:09:07.376] [INFO] default - Success connection with DB
[2022-12-27T00:09:09.037] [FATAL] default - [96msrc/controllers/UsersController.ts[0m:[93m70[0m:[93m6[0m - [91merror[0m[90m TS1064: [0mThe return type of an async function or method must be the global Promise<T> type. Did you mean to write 'Promise<any>'?

[7m70[0m   ): any {
[7m  [0m [91m     ~~~[0m

[2022-12-27T00:09:14.984] [INFO] default - Success connection with DB
[2022-12-27T00:09:16.757] [INFO] default - Running on port 5000
[2022-12-27T00:09:29.522] [INFO] default - Success connection with DB
[2022-12-27T00:09:31.483] [INFO] default - Running on port 5000
[2022-12-27T00:09:32.263] [INFO] default - Request [GET] /users?limit=3&page=1
[2022-12-27T00:09:32.266] [INFO] default - UserController:getUsers
[2022-12-27T00:11:55.938] [INFO] default - Success connection with DB
[2022-12-27T00:11:57.743] [INFO] default - Running on port 5000
[2022-12-27T00:18:04.995] [INFO] default - Success connection with DB
[2022-12-27T00:18:06.896] [INFO] default - Running on port 5000
[2022-12-27T00:18:07.545] [INFO] default - Request [GET] /users?limit=3&page=1
[2022-12-27T00:18:07.550] [INFO] default - UserController:getUsers
[2022-12-27T00:18:08.668] [INFO] default - Request [GET] /users?limit=3&page=1
[2022-12-27T00:18:08.670] [INFO] default - UserController:getUsers
[2022-12-27T00:23:41.465] [INFO] default - Success connection with DB
[2022-12-27T00:23:44.202] [INFO] default - Running on port 5000
[2022-12-27T00:24:16.357] [INFO] default - Success connection with DB
[2022-12-27T00:24:19.933] [INFO] default - Running on port 5000
[2022-12-27T00:24:29.631] [INFO] default - Success connection with DB
[2022-12-27T00:24:33.347] [INFO] default - Running on port 5000
[2022-12-27T00:24:56.019] [INFO] default - Success connection with DB
[2022-12-27T00:24:59.098] [INFO] default - Running on port 5000
[2022-12-27T00:25:11.130] [INFO] default - Request [GET] /users/dsadsa?limit=3&page=1
[2022-12-27T00:25:11.172] [ERROR] default - BadRequestError [400] User not found - Error
    at new HttpError (C:\Work\Repos\ask-me-anything\node_modules\src\http-error\HttpError.ts:16:18)
    at new BadRequestError (C:\Work\Repos\ask-me-anything\node_modules\src\http-error\BadRequestError.ts:10:5)
    at C:\Work\Repos\ask-me-anything\backend\src\database\finders.ts:14:11
    at Generator.next (<anonymous>)
    at fulfilled (C:\Work\Repos\ask-me-anything\node_modules\tslib\tslib.js:115:62)
    at processTicksAndRejections (node:internal/process/task_queues:95:5)
[2022-12-27T00:26:50.470] [INFO] default - Success connection with DB
[2022-12-27T00:26:56.083] [INFO] default - Running on port 5000
[2022-12-27T00:43:07.996] [INFO] default - Success connection with DB
[2022-12-27T00:43:10.469] [INFO] default - Running on port 5000
[2022-12-27T00:43:15.479] [INFO] default - Success connection with DB
[2022-12-27T00:43:17.758] [INFO] default - Running on port 5000
